# This file was automatically created by FeynRules 2.3.36
# Mathematica version: 11.3.0 for Microsoft Windows (64-bit) (March 11, 2018)
# Date: Mon 27 Apr 2020 17:34:22


# 
# This is the logfile for the model Minimal_DM

# Authors: S. Horigome
# Model version: 1.0.0
# Checking the Quantum numbers
   * Electric charge defined.
# Checking the Lagrangians
   * All Lagrangians are ok.
#
# Particle definitions
#

   * No particles removed. All particles correspond to GenInt setup.

# Automatically assigned PDG numbers
   * Assigned PDG number 9000001 to particle ghA
   * Assigned PDG number 9000002 to particle ghZ
   * Assigned PDG number 9000003 to particle ghWp
   * Assigned PDG number 9000004 to particle ghWm
   * Assigned PDG number 9000005 to particle DM
   * Assigned PDG number 9000006 to particle X+


# Compulsory PDG codes:
   * Class SM leptons complete.
   * Class SM neutrinos complete.
   * Class SM quarks complete.
   * Class SM gauge bosons complete.
#
# Parameter definitions
#

   * Parameter cDM has no value. Default value 1 assigned.
   * Parameter MDM has no value. Default value 1 assigned.


# Vertices
   * Calling FeynmanRules for 1 Lagrangians.
   * Number of classes vertices: 1
   * Number of flavored vertices: 2
   * Saved vertices in InterfaceRun[ 1 ].
   * Checked QNumber conservation.
      - Quantum number GhostNumber conserved in all vertices.
      - Quantum number LeptonNumber conserved in all vertices.
      - Quantum number Q conserved in all vertices.
      - Quantum number Y conserved in all vertices.
   * particles.py written.
   * parameters.py written.
#
# Vertex definitions
#

   * 2 vertices written.
   * vertices.py written.
#
# Lorentz structure definitions
#

   * 1 lorentz structure written.
   * lorentz.py written.
#
# Coupling definitions
#

   * 2 couplings written.
   * couplings.py written.
#
# Coupling order definitions
#

   * 0 couplings orders written.
   * coupling_orders.py written.
#
# Decay definitions
#

   * 0 decays written.
   * decay.py not written
